<?xml version="1.0" encoding="UTF-8" ?>
<testsuite tests="7" failures="0" name="com.dao.test.JUnitTestCalculation" time="0.163" errors="0" skipped="0">
  <properties>
    <property name="java.runtime.name" value="Java(TM) SE Runtime Environment"/>
    <property name="sun.boot.library.path" value="/usr/java/jdk1.8.0_191-amd64/jre/lib/amd64"/>
    <property name="java.vm.version" value="25.191-b12"/>
    <property name="java.vm.vendor" value="Oracle Corporation"/>
    <property name="java.vendor.url" value="http://java.oracle.com/"/>
    <property name="path.separator" value=":"/>
    <property name="guice.disable.misplaced.annotation.check" value="true"/>
    <property name="java.vm.name" value="Java HotSpot(TM) 64-Bit Server VM"/>
    <property name="file.encoding.pkg" value="sun.io"/>
    <property name="user.country" value="FR"/>
    <property name="sun.java.launcher" value="SUN_STANDARD"/>
    <property name="sun.os.patch.level" value="unknown"/>
    <property name="test" value="com.dao.test.JUnitTestCalculation"/>
    <property name="java.vm.specification.name" value="Java Virtual Machine Specification"/>
    <property name="user.dir" value="/home/sarah/Bureau/POO_Java/aljana_s"/>
    <property name="java.runtime.version" value="1.8.0_191-b12"/>
    <property name="java.awt.graphicsenv" value="sun.awt.X11GraphicsEnvironment"/>
    <property name="java.endorsed.dirs" value="/usr/java/jdk1.8.0_191-amd64/jre/lib/endorsed"/>
    <property name="os.arch" value="amd64"/>
    <property name="java.io.tmpdir" value="/tmp"/>
    <property name="line.separator" value="
"/>
    <property name="java.vm.specification.vendor" value="Oracle Corporation"/>
    <property name="os.name" value="Linux"/>
    <property name="maven.ext.class.path" value="/home/sarah/netbeans-8.0.2/java/maven-nblib/netbeans-eventspy.jar"/>
    <property name="classworlds.conf" value="/home/sarah/netbeans-8.0.2/java/maven/bin/m2.conf"/>
    <property name="sun.jnu.encoding" value="UTF-8"/>
    <property name="java.library.path" value="/usr/java/latest/jre/lib/amd64:/usr/java/latest/jre/lib/i386::/usr/java/packages/lib/amd64:/usr/lib64:/lib64:/lib:/usr/lib"/>
    <property name="java.specification.name" value="Java Platform API Specification"/>
    <property name="java.class.version" value="52.0"/>
    <property name="sun.management.compiler" value="HotSpot 64-Bit Tiered Compilers"/>
    <property name="os.version" value="4.18.16-300.fc29.x86_64"/>
    <property name="user.home" value="/home/sarah"/>
    <property name="user.timezone" value="Europe/Paris"/>
    <property name="java.awt.printerjob" value="sun.print.PSPrinterJob"/>
    <property name="java.specification.version" value="1.8"/>
    <property name="file.encoding" value="UTF-8"/>
    <property name="user.name" value="sarah"/>
    <property name="java.class.path" value="/home/sarah/netbeans-8.0.2/java/maven/boot/plexus-classworlds-2.4.jar"/>
    <property name="java.vm.specification.version" value="1.8"/>
    <property name="sun.arch.data.model" value="64"/>
    <property name="java.home" value="/usr/java/jdk1.8.0_191-amd64/jre"/>
    <property name="sun.java.command" value="org.codehaus.plexus.classworlds.launcher.Launcher -Dtest=com.dao.test.JUnitTestCalculation -Dmaven.ext.class.path=/home/sarah/netbeans-8.0.2/java/maven-nblib/netbeans-eventspy.jar surefire:test"/>
    <property name="java.specification.vendor" value="Oracle Corporation"/>
    <property name="user.language" value="fr"/>
    <property name="awt.toolkit" value="sun.awt.X11.XToolkit"/>
    <property name="java.vm.info" value="mixed mode"/>
    <property name="java.version" value="1.8.0_191"/>
    <property name="java.ext.dirs" value="/usr/java/jdk1.8.0_191-amd64/jre/lib/ext:/usr/java/packages/lib/ext"/>
    <property name="securerandom.source" value="file:/dev/./urandom"/>
    <property name="sun.boot.class.path" value="/usr/java/jdk1.8.0_191-amd64/jre/lib/resources.jar:/usr/java/jdk1.8.0_191-amd64/jre/lib/rt.jar:/usr/java/jdk1.8.0_191-amd64/jre/lib/sunrsasign.jar:/usr/java/jdk1.8.0_191-amd64/jre/lib/jsse.jar:/usr/java/jdk1.8.0_191-amd64/jre/lib/jce.jar:/usr/java/jdk1.8.0_191-amd64/jre/lib/charsets.jar:/usr/java/jdk1.8.0_191-amd64/jre/lib/jfr.jar:/usr/java/jdk1.8.0_191-amd64/jre/classes"/>
    <property name="java.vendor" value="Oracle Corporation"/>
    <property name="maven.home" value="/home/sarah/netbeans-8.0.2/java/maven"/>
    <property name="file.separator" value="/"/>
    <property name="java.vendor.url.bug" value="http://bugreport.sun.com/bugreport/"/>
    <property name="sun.cpu.endian" value="little"/>
    <property name="sun.io.unicode.encoding" value="UnicodeLittle"/>
    <property name="sun.cpu.isalist" value=""/>
  </properties>
  <testcase classname="com.dao.test.JUnitTestCalculation" name="testJUnitFactorielItterative" time="0.001"/>
  <testcase classname="com.dao.test.JUnitTestCalculation" name="testJUnitFactorielRecursive" time="0"/>
  <testcase classname="com.dao.test.JUnitTestCalculation" name="testJUnitNombreMagique" time="0.002"/>
  <testcase classname="com.dao.test.JUnitTestCalculation" name="testJUnitSortMyArray" time="0.001"/>
  <testcase classname="com.dao.test.JUnitTestCalculation" name="testJUnitAddition" time="0.003"/>
  <testcase classname="com.dao.test.JUnitTestCalculation" name="testJUnitVerifyParite" time="0.003"/>
  <testcase classname="com.dao.test.JUnitTestCalculation" name="testJUnitCompareChaines" time="0.001"/>
</testsuite>